<?xml version="1.0" encoding="UTF-8" ?>
<testsuite errors="0" failures="0" hostname="skyhits-MacBook-Pro.local" name="com.topcoder.web.common.cache.redis.RedisCacheClientEmbeddedRedisTest" skipped="0" tests="9" time="4.607" timestamp="2016-04-10T13:47:51">
  <properties>
[...]
</properties>
  <testcase classname="com.topcoder.web.common.cache.redis.RedisCacheClientEmbeddedRedisTest" name="test_StringKey_ObjectValue" time="0.25" />
  <testcase classname="com.topcoder.web.common.cache.redis.RedisCacheClientEmbeddedRedisTest" name="test_clearCache" time="0.017" />
  <testcase classname="com.topcoder.web.common.cache.redis.RedisCacheClientEmbeddedRedisTest" name="test_RequestAddressKey_withExpiration" time="2.01" />
  <testcase classname="com.topcoder.web.common.cache.redis.RedisCacheClientEmbeddedRedisTest" name="test_RequestAddressKey_StringValue" time="0.006" />
  <testcase classname="com.topcoder.web.common.cache.redis.RedisCacheClientEmbeddedRedisTest" name="test_TCSubjectAddressKey_withExpiration" time="2.011" />
  <testcase classname="com.topcoder.web.common.cache.redis.RedisCacheClientEmbeddedRedisTest" name="test_RequestAddressKey_ObjectValue" time="0.007" />
  <testcase classname="com.topcoder.web.common.cache.redis.RedisCacheClientEmbeddedRedisTest" name="test_TCSubjectAddressKey_StringValue" time="0.004" />
  <testcase classname="com.topcoder.web.common.cache.redis.RedisCacheClientEmbeddedRedisTest" name="test_TCSubjectAddressKey_ObjectValue" time="0.005" />
  <testcase classname="com.topcoder.web.common.cache.redis.RedisCacheClientEmbeddedRedisTest" name="test_StringKey_StringValue" time="0.004" />
  <system-out><![CDATA[]]></system-out>
  <system-err><![CDATA[log4j:WARN No appenders could be found for logger (com.topcoder.shared.util.TCResourceBundle).
log4j:WARN Please initialize the log4j system properly.
log4j:WARN See http://logging.apache.org/log4j/1.2/faq.html#noconfig for more info.
]]></system-err>
</testsuite>
