<?xml version="1.0" encoding="UTF-8" ?>
<testsuite errors="18" failures="0" hostname="skyhits-MacBook-Pro.local" name="com.topcoder.web.common.cache.redis.RedisCacheClientTest" skipped="0" tests="9" time="0.371" timestamp="2016-04-10T13:13:41">
  <properties>
[...]
</properties>
  <testcase classname="com.topcoder.web.common.cache.redis.RedisCacheClientTest" name="test_StringKey_ObjectValue" time="0.233">
    <error message="Error occurs when interacting with redis" type="com.topcoder.web.common.cache.TCCacheException">com.topcoder.web.common.cache.TCCacheException: Error occurs when interacting with redis
	at com.topcoder.web.common.cache.RedisCacheClient.set(RedisCacheClient.java:118)
	at com.topcoder.web.common.cache.RedisCacheClient.set(RedisCacheClient.java:97)
	at com.topcoder.web.common.cache.redis.RedisCacheClientTest.test_StringKey_ObjectValue(RedisCacheClientTest.java:89)
Caused by: redis.clients.jedis.exceptions.JedisConnectionException: Could not get a resource from the pool
	at redis.clients.util.Pool.getResource(Pool.java:53)
	at redis.clients.jedis.JedisPool.getResource(JedisPool.java:99)
	at com.topcoder.web.common.cache.RedisCacheClient.set(RedisCacheClient.java:112)
Caused by: redis.clients.jedis.exceptions.JedisConnectionException: java.net.ConnectException: Connection refused
	at redis.clients.jedis.Connection.connect(Connection.java:164)
	at redis.clients.jedis.BinaryClient.connect(BinaryClient.java:80)
	at redis.clients.jedis.BinaryJedis.connect(BinaryJedis.java:1677)
	at redis.clients.jedis.JedisFactory.makeObject(JedisFactory.java:87)
	at org.apache.commons.pool2.impl.GenericObjectPool.create(GenericObjectPool.java:868)
	at org.apache.commons.pool2.impl.GenericObjectPool.borrowObject(GenericObjectPool.java:458)
	at org.apache.commons.pool2.impl.GenericObjectPool.borrowObject(GenericObjectPool.java:363)
	at redis.clients.util.Pool.getResource(Pool.java:49)
Caused by: java.net.ConnectException: Connection refused
	at java.net.PlainSocketImpl.socketConnect(Native Method)
	at java.net.AbstractPlainSocketImpl.doConnect(AbstractPlainSocketImpl.java:345)
	at java.net.AbstractPlainSocketImpl.connectToAddress(AbstractPlainSocketImpl.java:206)
	at java.net.AbstractPlainSocketImpl.connect(AbstractPlainSocketImpl.java:188)
	at java.net.SocksSocketImpl.connect(SocksSocketImpl.java:392)
	at java.net.Socket.connect(Socket.java:589)
	at redis.clients.jedis.Connection.connect(Connection.java:158)
</error>
    <error message="Error occurs when interacting with redis" type="com.topcoder.web.common.cache.TCCacheException">com.topcoder.web.common.cache.TCCacheException: Error occurs when interacting with redis
	at com.topcoder.web.common.cache.RedisCacheClient.clearCache(RedisCacheClient.java:265)
	at com.topcoder.web.common.cache.redis.RedisCacheClientTest.tearDown(RedisCacheClientTest.java:48)
Caused by: redis.clients.jedis.exceptions.JedisConnectionException: Could not get a resource from the pool
	at redis.clients.util.Pool.getResource(Pool.java:53)
	at redis.clients.jedis.JedisPool.getResource(JedisPool.java:99)
	at com.topcoder.web.common.cache.RedisCacheClient.clearCache(RedisCacheClient.java:258)
Caused by: redis.clients.jedis.exceptions.JedisConnectionException: java.net.ConnectException: Connection refused
	at redis.clients.jedis.Connection.connect(Connection.java:164)
	at redis.clients.jedis.BinaryClient.connect(BinaryClient.java:80)
	at redis.clients.jedis.BinaryJedis.connect(BinaryJedis.java:1677)
	at redis.clients.jedis.JedisFactory.makeObject(JedisFactory.java:87)
	at org.apache.commons.pool2.impl.GenericObjectPool.create(GenericObjectPool.java:868)
	at org.apache.commons.pool2.impl.GenericObjectPool.borrowObject(GenericObjectPool.java:458)
	at org.apache.commons.pool2.impl.GenericObjectPool.borrowObject(GenericObjectPool.java:363)
	at redis.clients.util.Pool.getResource(Pool.java:49)
Caused by: java.net.ConnectException: Connection refused
	at java.net.PlainSocketImpl.socketConnect(Native Method)
	at java.net.AbstractPlainSocketImpl.doConnect(AbstractPlainSocketImpl.java:345)
	at java.net.AbstractPlainSocketImpl.connectToAddress(AbstractPlainSocketImpl.java:206)
	at java.net.AbstractPlainSocketImpl.connect(AbstractPlainSocketImpl.java:188)
	at java.net.SocksSocketImpl.connect(SocksSocketImpl.java:392)
	at java.net.Socket.connect(Socket.java:589)
	at redis.clients.jedis.Connection.connect(Connection.java:158)
</error>
  </testcase>
  <testcase classname="com.topcoder.web.common.cache.redis.RedisCacheClientTest" name="test_clearCache" time="0.007">
    <error message="Error occurs when interacting with redis" type="com.topcoder.web.common.cache.TCCacheException">com.topcoder.web.common.cache.TCCacheException: Error occurs when interacting with redis
	at com.topcoder.web.common.cache.RedisCacheClient.set(RedisCacheClient.java:118)
	at com.topcoder.web.common.cache.RedisCacheClient.set(RedisCacheClient.java:97)
	at com.topcoder.web.common.cache.redis.RedisCacheClientTest.test_clearCache(RedisCacheClientTest.java:217)
Caused by: redis.clients.jedis.exceptions.JedisConnectionException: Could not get a resource from the pool
	at redis.clients.util.Pool.getResource(Pool.java:53)
	at redis.clients.jedis.JedisPool.getResource(JedisPool.java:99)
	at com.topcoder.web.common.cache.RedisCacheClient.set(RedisCacheClient.java:112)
Caused by: redis.clients.jedis.exceptions.JedisConnectionException: java.net.ConnectException: Connection refused
	at redis.clients.jedis.Connection.connect(Connection.java:164)
	at redis.clients.jedis.BinaryClient.connect(BinaryClient.java:80)
	at redis.clients.jedis.BinaryJedis.connect(BinaryJedis.java:1677)
	at redis.clients.jedis.JedisFactory.makeObject(JedisFactory.java:87)
	at org.apache.commons.pool2.impl.GenericObjectPool.create(GenericObjectPool.java:868)
	at org.apache.commons.pool2.impl.GenericObjectPool.borrowObject(GenericObjectPool.java:458)
	at org.apache.commons.pool2.impl.GenericObjectPool.borrowObject(GenericObjectPool.java:363)
	at redis.clients.util.Pool.getResource(Pool.java:49)
Caused by: java.net.ConnectException: Connection refused
	at java.net.PlainSocketImpl.socketConnect(Native Method)
	at java.net.AbstractPlainSocketImpl.doConnect(AbstractPlainSocketImpl.java:345)
	at java.net.AbstractPlainSocketImpl.connectToAddress(AbstractPlainSocketImpl.java:206)
	at java.net.AbstractPlainSocketImpl.connect(AbstractPlainSocketImpl.java:188)
	at java.net.SocksSocketImpl.connect(SocksSocketImpl.java:392)
	at java.net.Socket.connect(Socket.java:589)
	at redis.clients.jedis.Connection.connect(Connection.java:158)
</error>
    <error message="Error occurs when interacting with redis" type="com.topcoder.web.common.cache.TCCacheException">com.topcoder.web.common.cache.TCCacheException: Error occurs when interacting with redis
	at com.topcoder.web.common.cache.RedisCacheClient.clearCache(RedisCacheClient.java:265)
	at com.topcoder.web.common.cache.redis.RedisCacheClientTest.tearDown(RedisCacheClientTest.java:48)
Caused by: redis.clients.jedis.exceptions.JedisConnectionException: Could not get a resource from the pool
	at redis.clients.util.Pool.getResource(Pool.java:53)
	at redis.clients.jedis.JedisPool.getResource(JedisPool.java:99)
	at com.topcoder.web.common.cache.RedisCacheClient.clearCache(RedisCacheClient.java:258)
Caused by: redis.clients.jedis.exceptions.JedisConnectionException: java.net.ConnectException: Connection refused
	at redis.clients.jedis.Connection.connect(Connection.java:164)
	at redis.clients.jedis.BinaryClient.connect(BinaryClient.java:80)
	at redis.clients.jedis.BinaryJedis.connect(BinaryJedis.java:1677)
	at redis.clients.jedis.JedisFactory.makeObject(JedisFactory.java:87)
	at org.apache.commons.pool2.impl.GenericObjectPool.create(GenericObjectPool.java:868)
	at org.apache.commons.pool2.impl.GenericObjectPool.borrowObject(GenericObjectPool.java:458)
	at org.apache.commons.pool2.impl.GenericObjectPool.borrowObject(GenericObjectPool.java:363)
	at redis.clients.util.Pool.getResource(Pool.java:49)
Caused by: java.net.ConnectException: Connection refused
	at java.net.PlainSocketImpl.socketConnect(Native Method)
	at java.net.AbstractPlainSocketImpl.doConnect(AbstractPlainSocketImpl.java:345)
	at java.net.AbstractPlainSocketImpl.connectToAddress(AbstractPlainSocketImpl.java:206)
	at java.net.AbstractPlainSocketImpl.connect(AbstractPlainSocketImpl.java:188)
	at java.net.SocksSocketImpl.connect(SocksSocketImpl.java:392)
	at java.net.Socket.connect(Socket.java:589)
	at redis.clients.jedis.Connection.connect(Connection.java:158)
</error>
  </testcase>
  <testcase classname="com.topcoder.web.common.cache.redis.RedisCacheClientTest" name="test_RequestAddressKey_withExpiration" time="0.009">
    <error message="Error occurs when interacting with redis" type="com.topcoder.web.common.cache.TCCacheException">com.topcoder.web.common.cache.TCCacheException: Error occurs when interacting with redis
	at com.topcoder.web.common.cache.RedisCacheClient.set(RedisCacheClient.java:118)
	at com.topcoder.web.common.cache.RedisCacheClient.set(RedisCacheClient.java:148)
	at com.topcoder.web.common.cache.redis.RedisCacheClientTest.test_RequestAddressKey_withExpiration(RedisCacheClientTest.java:244)
Caused by: redis.clients.jedis.exceptions.JedisConnectionException: Could not get a resource from the pool
	at redis.clients.util.Pool.getResource(Pool.java:53)
	at redis.clients.jedis.JedisPool.getResource(JedisPool.java:99)
	at com.topcoder.web.common.cache.RedisCacheClient.set(RedisCacheClient.java:112)
Caused by: redis.clients.jedis.exceptions.JedisConnectionException: java.net.ConnectException: Connection refused
	at redis.clients.jedis.Connection.connect(Connection.java:164)
	at redis.clients.jedis.BinaryClient.connect(BinaryClient.java:80)
	at redis.clients.jedis.BinaryJedis.connect(BinaryJedis.java:1677)
	at redis.clients.jedis.JedisFactory.makeObject(JedisFactory.java:87)
	at org.apache.commons.pool2.impl.GenericObjectPool.create(GenericObjectPool.java:868)
	at org.apache.commons.pool2.impl.GenericObjectPool.borrowObject(GenericObjectPool.java:458)
	at org.apache.commons.pool2.impl.GenericObjectPool.borrowObject(GenericObjectPool.java:363)
	at redis.clients.util.Pool.getResource(Pool.java:49)
Caused by: java.net.ConnectException: Connection refused
	at java.net.PlainSocketImpl.socketConnect(Native Method)
	at java.net.AbstractPlainSocketImpl.doConnect(AbstractPlainSocketImpl.java:345)
	at java.net.AbstractPlainSocketImpl.connectToAddress(AbstractPlainSocketImpl.java:206)
	at java.net.AbstractPlainSocketImpl.connect(AbstractPlainSocketImpl.java:188)
	at java.net.SocksSocketImpl.connect(SocksSocketImpl.java:392)
	at java.net.Socket.connect(Socket.java:589)
	at redis.clients.jedis.Connection.connect(Connection.java:158)
</error>
    <error message="Error occurs when interacting with redis" type="com.topcoder.web.common.cache.TCCacheException">com.topcoder.web.common.cache.TCCacheException: Error occurs when interacting with redis
	at com.topcoder.web.common.cache.RedisCacheClient.clearCache(RedisCacheClient.java:265)
	at com.topcoder.web.common.cache.redis.RedisCacheClientTest.tearDown(RedisCacheClientTest.java:48)
Caused by: redis.clients.jedis.exceptions.JedisConnectionException: Could not get a resource from the pool
	at redis.clients.util.Pool.getResource(Pool.java:53)
	at redis.clients.jedis.JedisPool.getResource(JedisPool.java:99)
	at com.topcoder.web.common.cache.RedisCacheClient.clearCache(RedisCacheClient.java:258)
Caused by: redis.clients.jedis.exceptions.JedisConnectionException: java.net.ConnectException: Connection refused
	at redis.clients.jedis.Connection.connect(Connection.java:164)
	at redis.clients.jedis.BinaryClient.connect(BinaryClient.java:80)
	at redis.clients.jedis.BinaryJedis.connect(BinaryJedis.java:1677)
	at redis.clients.jedis.JedisFactory.makeObject(JedisFactory.java:87)
	at org.apache.commons.pool2.impl.GenericObjectPool.create(GenericObjectPool.java:868)
	at org.apache.commons.pool2.impl.GenericObjectPool.borrowObject(GenericObjectPool.java:458)
	at org.apache.commons.pool2.impl.GenericObjectPool.borrowObject(GenericObjectPool.java:363)
	at redis.clients.util.Pool.getResource(Pool.java:49)
Caused by: java.net.ConnectException: Connection refused
	at java.net.PlainSocketImpl.socketConnect(Native Method)
	at java.net.AbstractPlainSocketImpl.doConnect(AbstractPlainSocketImpl.java:345)
	at java.net.AbstractPlainSocketImpl.connectToAddress(AbstractPlainSocketImpl.java:206)
	at java.net.AbstractPlainSocketImpl.connect(AbstractPlainSocketImpl.java:188)
	at java.net.SocksSocketImpl.connect(SocksSocketImpl.java:392)
	at java.net.Socket.connect(Socket.java:589)
	at redis.clients.jedis.Connection.connect(Connection.java:158)
</error>
  </testcase>
  <testcase classname="com.topcoder.web.common.cache.redis.RedisCacheClientTest" name="test_RequestAddressKey_StringValue" time="0.005">
    <error message="Error occurs when interacting with redis" type="com.topcoder.web.common.cache.TCCacheException">com.topcoder.web.common.cache.TCCacheException: Error occurs when interacting with redis
	at com.topcoder.web.common.cache.RedisCacheClient.set(RedisCacheClient.java:118)
	at com.topcoder.web.common.cache.RedisCacheClient.set(RedisCacheClient.java:97)
	at com.topcoder.web.common.cache.RedisCacheClient.set(RedisCacheClient.java:134)
	at com.topcoder.web.common.cache.redis.RedisCacheClientTest.test_RequestAddressKey_StringValue(RedisCacheClientTest.java:115)
Caused by: redis.clients.jedis.exceptions.JedisConnectionException: Could not get a resource from the pool
	at redis.clients.util.Pool.getResource(Pool.java:53)
	at redis.clients.jedis.JedisPool.getResource(JedisPool.java:99)
	at com.topcoder.web.common.cache.RedisCacheClient.set(RedisCacheClient.java:112)
Caused by: redis.clients.jedis.exceptions.JedisConnectionException: java.net.ConnectException: Connection refused
	at redis.clients.jedis.Connection.connect(Connection.java:164)
	at redis.clients.jedis.BinaryClient.connect(BinaryClient.java:80)
	at redis.clients.jedis.BinaryJedis.connect(BinaryJedis.java:1677)
	at redis.clients.jedis.JedisFactory.makeObject(JedisFactory.java:87)
	at org.apache.commons.pool2.impl.GenericObjectPool.create(GenericObjectPool.java:868)
	at org.apache.commons.pool2.impl.GenericObjectPool.borrowObject(GenericObjectPool.java:458)
	at org.apache.commons.pool2.impl.GenericObjectPool.borrowObject(GenericObjectPool.java:363)
	at redis.clients.util.Pool.getResource(Pool.java:49)
Caused by: java.net.ConnectException: Connection refused
	at java.net.PlainSocketImpl.socketConnect(Native Method)
	at java.net.AbstractPlainSocketImpl.doConnect(AbstractPlainSocketImpl.java:345)
	at java.net.AbstractPlainSocketImpl.connectToAddress(AbstractPlainSocketImpl.java:206)
	at java.net.AbstractPlainSocketImpl.connect(AbstractPlainSocketImpl.java:188)
	at java.net.SocksSocketImpl.connect(SocksSocketImpl.java:392)
	at java.net.Socket.connect(Socket.java:589)
	at redis.clients.jedis.Connection.connect(Connection.java:158)
</error>
    <error message="Error occurs when interacting with redis" type="com.topcoder.web.common.cache.TCCacheException">com.topcoder.web.common.cache.TCCacheException: Error occurs when interacting with redis
	at com.topcoder.web.common.cache.RedisCacheClient.clearCache(RedisCacheClient.java:265)
	at com.topcoder.web.common.cache.redis.RedisCacheClientTest.tearDown(RedisCacheClientTest.java:48)
Caused by: redis.clients.jedis.exceptions.JedisConnectionException: Could not get a resource from the pool
	at redis.clients.util.Pool.getResource(Pool.java:53)
	at redis.clients.jedis.JedisPool.getResource(JedisPool.java:99)
	at com.topcoder.web.common.cache.RedisCacheClient.clearCache(RedisCacheClient.java:258)
Caused by: redis.clients.jedis.exceptions.JedisConnectionException: java.net.ConnectException: Connection refused
	at redis.clients.jedis.Connection.connect(Connection.java:164)
	at redis.clients.jedis.BinaryClient.connect(BinaryClient.java:80)
	at redis.clients.jedis.BinaryJedis.connect(BinaryJedis.java:1677)
	at redis.clients.jedis.JedisFactory.makeObject(JedisFactory.java:87)
	at org.apache.commons.pool2.impl.GenericObjectPool.create(GenericObjectPool.java:868)
	at org.apache.commons.pool2.impl.GenericObjectPool.borrowObject(GenericObjectPool.java:458)
	at org.apache.commons.pool2.impl.GenericObjectPool.borrowObject(GenericObjectPool.java:363)
	at redis.clients.util.Pool.getResource(Pool.java:49)
Caused by: java.net.ConnectException: Connection refused
	at java.net.PlainSocketImpl.socketConnect(Native Method)
	at java.net.AbstractPlainSocketImpl.doConnect(AbstractPlainSocketImpl.java:345)
	at java.net.AbstractPlainSocketImpl.connectToAddress(AbstractPlainSocketImpl.java:206)
	at java.net.AbstractPlainSocketImpl.connect(AbstractPlainSocketImpl.java:188)
	at java.net.SocksSocketImpl.connect(SocksSocketImpl.java:392)
	at java.net.Socket.connect(Socket.java:589)
	at redis.clients.jedis.Connection.connect(Connection.java:158)
</error>
  </testcase>
  <testcase classname="com.topcoder.web.common.cache.redis.RedisCacheClientTest" name="test_TCSubjectAddressKey_withExpiration" time="0.01">
    <error message="Error occurs when interacting with redis" type="com.topcoder.web.common.cache.TCCacheException">com.topcoder.web.common.cache.TCCacheException: Error occurs when interacting with redis
	at com.topcoder.web.common.cache.RedisCacheClient.set(RedisCacheClient.java:118)
	at com.topcoder.web.common.cache.RedisCacheClient.set(RedisCacheClient.java:148)
	at com.topcoder.web.common.cache.redis.RedisCacheClientTest.test_TCSubjectAddressKey_withExpiration(RedisCacheClientTest.java:261)
Caused by: redis.clients.jedis.exceptions.JedisConnectionException: Could not get a resource from the pool
	at redis.clients.util.Pool.getResource(Pool.java:53)
	at redis.clients.jedis.JedisPool.getResource(JedisPool.java:99)
	at com.topcoder.web.common.cache.RedisCacheClient.set(RedisCacheClient.java:112)
Caused by: redis.clients.jedis.exceptions.JedisConnectionException: java.net.ConnectException: Connection refused
	at redis.clients.jedis.Connection.connect(Connection.java:164)
	at redis.clients.jedis.BinaryClient.connect(BinaryClient.java:80)
	at redis.clients.jedis.BinaryJedis.connect(BinaryJedis.java:1677)
	at redis.clients.jedis.JedisFactory.makeObject(JedisFactory.java:87)
	at org.apache.commons.pool2.impl.GenericObjectPool.create(GenericObjectPool.java:868)
	at org.apache.commons.pool2.impl.GenericObjectPool.borrowObject(GenericObjectPool.java:458)
	at org.apache.commons.pool2.impl.GenericObjectPool.borrowObject(GenericObjectPool.java:363)
	at redis.clients.util.Pool.getResource(Pool.java:49)
Caused by: java.net.ConnectException: Connection refused
	at java.net.PlainSocketImpl.socketConnect(Native Method)
	at java.net.AbstractPlainSocketImpl.doConnect(AbstractPlainSocketImpl.java:345)
	at java.net.AbstractPlainSocketImpl.connectToAddress(AbstractPlainSocketImpl.java:206)
	at java.net.AbstractPlainSocketImpl.connect(AbstractPlainSocketImpl.java:188)
	at java.net.SocksSocketImpl.connect(SocksSocketImpl.java:392)
	at java.net.Socket.connect(Socket.java:589)
	at redis.clients.jedis.Connection.connect(Connection.java:158)
</error>
    <error message="Error occurs when interacting with redis" type="com.topcoder.web.common.cache.TCCacheException">com.topcoder.web.common.cache.TCCacheException: Error occurs when interacting with redis
	at com.topcoder.web.common.cache.RedisCacheClient.clearCache(RedisCacheClient.java:265)
	at com.topcoder.web.common.cache.redis.RedisCacheClientTest.tearDown(RedisCacheClientTest.java:48)
Caused by: redis.clients.jedis.exceptions.JedisConnectionException: Could not get a resource from the pool
	at redis.clients.util.Pool.getResource(Pool.java:53)
	at redis.clients.jedis.JedisPool.getResource(JedisPool.java:99)
	at com.topcoder.web.common.cache.RedisCacheClient.clearCache(RedisCacheClient.java:258)
Caused by: redis.clients.jedis.exceptions.JedisConnectionException: java.net.ConnectException: Connection refused
	at redis.clients.jedis.Connection.connect(Connection.java:164)
	at redis.clients.jedis.BinaryClient.connect(BinaryClient.java:80)
	at redis.clients.jedis.BinaryJedis.connect(BinaryJedis.java:1677)
	at redis.clients.jedis.JedisFactory.makeObject(JedisFactory.java:87)
	at org.apache.commons.pool2.impl.GenericObjectPool.create(GenericObjectPool.java:868)
	at org.apache.commons.pool2.impl.GenericObjectPool.borrowObject(GenericObjectPool.java:458)
	at org.apache.commons.pool2.impl.GenericObjectPool.borrowObject(GenericObjectPool.java:363)
	at redis.clients.util.Pool.getResource(Pool.java:49)
Caused by: java.net.ConnectException: Connection refused
	at java.net.PlainSocketImpl.socketConnect(Native Method)
	at java.net.AbstractPlainSocketImpl.doConnect(AbstractPlainSocketImpl.java:345)
	at java.net.AbstractPlainSocketImpl.connectToAddress(AbstractPlainSocketImpl.java:206)
	at java.net.AbstractPlainSocketImpl.connect(AbstractPlainSocketImpl.java:188)
	at java.net.SocksSocketImpl.connect(SocksSocketImpl.java:392)
	at java.net.Socket.connect(Socket.java:589)
	at redis.clients.jedis.Connection.connect(Connection.java:158)
</error>
  </testcase>
  <testcase classname="com.topcoder.web.common.cache.redis.RedisCacheClientTest" name="test_RequestAddressKey_ObjectValue" time="0.007">
    <error message="Error occurs when interacting with redis" type="com.topcoder.web.common.cache.TCCacheException">com.topcoder.web.common.cache.TCCacheException: Error occurs when interacting with redis
	at com.topcoder.web.common.cache.RedisCacheClient.set(RedisCacheClient.java:118)
	at com.topcoder.web.common.cache.RedisCacheClient.set(RedisCacheClient.java:97)
	at com.topcoder.web.common.cache.RedisCacheClient.set(RedisCacheClient.java:134)
	at com.topcoder.web.common.cache.redis.RedisCacheClientTest.test_RequestAddressKey_ObjectValue(RedisCacheClientTest.java:142)
Caused by: redis.clients.jedis.exceptions.JedisConnectionException: Could not get a resource from the pool
	at redis.clients.util.Pool.getResource(Pool.java:53)
	at redis.clients.jedis.JedisPool.getResource(JedisPool.java:99)
	at com.topcoder.web.common.cache.RedisCacheClient.set(RedisCacheClient.java:112)
Caused by: redis.clients.jedis.exceptions.JedisConnectionException: java.net.ConnectException: Connection refused
	at redis.clients.jedis.Connection.connect(Connection.java:164)
	at redis.clients.jedis.BinaryClient.connect(BinaryClient.java:80)
	at redis.clients.jedis.BinaryJedis.connect(BinaryJedis.java:1677)
	at redis.clients.jedis.JedisFactory.makeObject(JedisFactory.java:87)
	at org.apache.commons.pool2.impl.GenericObjectPool.create(GenericObjectPool.java:868)
	at org.apache.commons.pool2.impl.GenericObjectPool.borrowObject(GenericObjectPool.java:458)
	at org.apache.commons.pool2.impl.GenericObjectPool.borrowObject(GenericObjectPool.java:363)
	at redis.clients.util.Pool.getResource(Pool.java:49)
Caused by: java.net.ConnectException: Connection refused
	at java.net.PlainSocketImpl.socketConnect(Native Method)
	at java.net.AbstractPlainSocketImpl.doConnect(AbstractPlainSocketImpl.java:345)
	at java.net.AbstractPlainSocketImpl.connectToAddress(AbstractPlainSocketImpl.java:206)
	at java.net.AbstractPlainSocketImpl.connect(AbstractPlainSocketImpl.java:188)
	at java.net.SocksSocketImpl.connect(SocksSocketImpl.java:392)
	at java.net.Socket.connect(Socket.java:589)
	at redis.clients.jedis.Connection.connect(Connection.java:158)
</error>
    <error message="Error occurs when interacting with redis" type="com.topcoder.web.common.cache.TCCacheException">com.topcoder.web.common.cache.TCCacheException: Error occurs when interacting with redis
	at com.topcoder.web.common.cache.RedisCacheClient.clearCache(RedisCacheClient.java:265)
	at com.topcoder.web.common.cache.redis.RedisCacheClientTest.tearDown(RedisCacheClientTest.java:48)
Caused by: redis.clients.jedis.exceptions.JedisConnectionException: Could not get a resource from the pool
	at redis.clients.util.Pool.getResource(Pool.java:53)
	at redis.clients.jedis.JedisPool.getResource(JedisPool.java:99)
	at com.topcoder.web.common.cache.RedisCacheClient.clearCache(RedisCacheClient.java:258)
Caused by: redis.clients.jedis.exceptions.JedisConnectionException: java.net.ConnectException: Connection refused
	at redis.clients.jedis.Connection.connect(Connection.java:164)
	at redis.clients.jedis.BinaryClient.connect(BinaryClient.java:80)
	at redis.clients.jedis.BinaryJedis.connect(BinaryJedis.java:1677)
	at redis.clients.jedis.JedisFactory.makeObject(JedisFactory.java:87)
	at org.apache.commons.pool2.impl.GenericObjectPool.create(GenericObjectPool.java:868)
	at org.apache.commons.pool2.impl.GenericObjectPool.borrowObject(GenericObjectPool.java:458)
	at org.apache.commons.pool2.impl.GenericObjectPool.borrowObject(GenericObjectPool.java:363)
	at redis.clients.util.Pool.getResource(Pool.java:49)
Caused by: java.net.ConnectException: Connection refused
	at java.net.PlainSocketImpl.socketConnect(Native Method)
	at java.net.AbstractPlainSocketImpl.doConnect(AbstractPlainSocketImpl.java:345)
	at java.net.AbstractPlainSocketImpl.connectToAddress(AbstractPlainSocketImpl.java:206)
	at java.net.AbstractPlainSocketImpl.connect(AbstractPlainSocketImpl.java:188)
	at java.net.SocksSocketImpl.connect(SocksSocketImpl.java:392)
	at java.net.Socket.connect(Socket.java:589)
	at redis.clients.jedis.Connection.connect(Connection.java:158)
</error>
  </testcase>
  <testcase classname="com.topcoder.web.common.cache.redis.RedisCacheClientTest" name="test_TCSubjectAddressKey_StringValue" time="0.006">
    <error message="Error occurs when interacting with redis" type="com.topcoder.web.common.cache.TCCacheException">com.topcoder.web.common.cache.TCCacheException: Error occurs when interacting with redis
	at com.topcoder.web.common.cache.RedisCacheClient.set(RedisCacheClient.java:118)
	at com.topcoder.web.common.cache.RedisCacheClient.set(RedisCacheClient.java:97)
	at com.topcoder.web.common.cache.RedisCacheClient.set(RedisCacheClient.java:134)
	at com.topcoder.web.common.cache.redis.RedisCacheClientTest.test_TCSubjectAddressKey_StringValue(RedisCacheClientTest.java:168)
Caused by: redis.clients.jedis.exceptions.JedisConnectionException: Could not get a resource from the pool
	at redis.clients.util.Pool.getResource(Pool.java:53)
	at redis.clients.jedis.JedisPool.getResource(JedisPool.java:99)
	at com.topcoder.web.common.cache.RedisCacheClient.set(RedisCacheClient.java:112)
Caused by: redis.clients.jedis.exceptions.JedisConnectionException: java.net.ConnectException: Connection refused
	at redis.clients.jedis.Connection.connect(Connection.java:164)
	at redis.clients.jedis.BinaryClient.connect(BinaryClient.java:80)
	at redis.clients.jedis.BinaryJedis.connect(BinaryJedis.java:1677)
	at redis.clients.jedis.JedisFactory.makeObject(JedisFactory.java:87)
	at org.apache.commons.pool2.impl.GenericObjectPool.create(GenericObjectPool.java:868)
	at org.apache.commons.pool2.impl.GenericObjectPool.borrowObject(GenericObjectPool.java:458)
	at org.apache.commons.pool2.impl.GenericObjectPool.borrowObject(GenericObjectPool.java:363)
	at redis.clients.util.Pool.getResource(Pool.java:49)
Caused by: java.net.ConnectException: Connection refused
	at java.net.PlainSocketImpl.socketConnect(Native Method)
	at java.net.AbstractPlainSocketImpl.doConnect(AbstractPlainSocketImpl.java:345)
	at java.net.AbstractPlainSocketImpl.connectToAddress(AbstractPlainSocketImpl.java:206)
	at java.net.AbstractPlainSocketImpl.connect(AbstractPlainSocketImpl.java:188)
	at java.net.SocksSocketImpl.connect(SocksSocketImpl.java:392)
	at java.net.Socket.connect(Socket.java:589)
	at redis.clients.jedis.Connection.connect(Connection.java:158)
</error>
    <error message="Error occurs when interacting with redis" type="com.topcoder.web.common.cache.TCCacheException">com.topcoder.web.common.cache.TCCacheException: Error occurs when interacting with redis
	at com.topcoder.web.common.cache.RedisCacheClient.clearCache(RedisCacheClient.java:265)
	at com.topcoder.web.common.cache.redis.RedisCacheClientTest.tearDown(RedisCacheClientTest.java:48)
Caused by: redis.clients.jedis.exceptions.JedisConnectionException: Could not get a resource from the pool
	at redis.clients.util.Pool.getResource(Pool.java:53)
	at redis.clients.jedis.JedisPool.getResource(JedisPool.java:99)
	at com.topcoder.web.common.cache.RedisCacheClient.clearCache(RedisCacheClient.java:258)
Caused by: redis.clients.jedis.exceptions.JedisConnectionException: java.net.ConnectException: Connection refused
	at redis.clients.jedis.Connection.connect(Connection.java:164)
	at redis.clients.jedis.BinaryClient.connect(BinaryClient.java:80)
	at redis.clients.jedis.BinaryJedis.connect(BinaryJedis.java:1677)
	at redis.clients.jedis.JedisFactory.makeObject(JedisFactory.java:87)
	at org.apache.commons.pool2.impl.GenericObjectPool.create(GenericObjectPool.java:868)
	at org.apache.commons.pool2.impl.GenericObjectPool.borrowObject(GenericObjectPool.java:458)
	at org.apache.commons.pool2.impl.GenericObjectPool.borrowObject(GenericObjectPool.java:363)
	at redis.clients.util.Pool.getResource(Pool.java:49)
Caused by: java.net.ConnectException: Connection refused
	at java.net.PlainSocketImpl.socketConnect(Native Method)
	at java.net.AbstractPlainSocketImpl.doConnect(AbstractPlainSocketImpl.java:345)
	at java.net.AbstractPlainSocketImpl.connectToAddress(AbstractPlainSocketImpl.java:206)
	at java.net.AbstractPlainSocketImpl.connect(AbstractPlainSocketImpl.java:188)
	at java.net.SocksSocketImpl.connect(SocksSocketImpl.java:392)
	at java.net.Socket.connect(Socket.java:589)
	at redis.clients.jedis.Connection.connect(Connection.java:158)
</error>
  </testcase>
  <testcase classname="com.topcoder.web.common.cache.redis.RedisCacheClientTest" name="test_TCSubjectAddressKey_ObjectValue" time="0.005">
    <error message="Error occurs when interacting with redis" type="com.topcoder.web.common.cache.TCCacheException">com.topcoder.web.common.cache.TCCacheException: Error occurs when interacting with redis
	at com.topcoder.web.common.cache.RedisCacheClient.set(RedisCacheClient.java:118)
	at com.topcoder.web.common.cache.RedisCacheClient.set(RedisCacheClient.java:97)
	at com.topcoder.web.common.cache.RedisCacheClient.set(RedisCacheClient.java:134)
	at com.topcoder.web.common.cache.redis.RedisCacheClientTest.test_TCSubjectAddressKey_ObjectValue(RedisCacheClientTest.java:194)
Caused by: redis.clients.jedis.exceptions.JedisConnectionException: Could not get a resource from the pool
	at redis.clients.util.Pool.getResource(Pool.java:53)
	at redis.clients.jedis.JedisPool.getResource(JedisPool.java:99)
	at com.topcoder.web.common.cache.RedisCacheClient.set(RedisCacheClient.java:112)
Caused by: redis.clients.jedis.exceptions.JedisConnectionException: java.net.ConnectException: Connection refused
	at redis.clients.jedis.Connection.connect(Connection.java:164)
	at redis.clients.jedis.BinaryClient.connect(BinaryClient.java:80)
	at redis.clients.jedis.BinaryJedis.connect(BinaryJedis.java:1677)
	at redis.clients.jedis.JedisFactory.makeObject(JedisFactory.java:87)
	at org.apache.commons.pool2.impl.GenericObjectPool.create(GenericObjectPool.java:868)
	at org.apache.commons.pool2.impl.GenericObjectPool.borrowObject(GenericObjectPool.java:458)
	at org.apache.commons.pool2.impl.GenericObjectPool.borrowObject(GenericObjectPool.java:363)
	at redis.clients.util.Pool.getResource(Pool.java:49)
Caused by: java.net.ConnectException: Connection refused
	at java.net.PlainSocketImpl.socketConnect(Native Method)
	at java.net.AbstractPlainSocketImpl.doConnect(AbstractPlainSocketImpl.java:345)
	at java.net.AbstractPlainSocketImpl.connectToAddress(AbstractPlainSocketImpl.java:206)
	at java.net.AbstractPlainSocketImpl.connect(AbstractPlainSocketImpl.java:188)
	at java.net.SocksSocketImpl.connect(SocksSocketImpl.java:392)
	at java.net.Socket.connect(Socket.java:589)
	at redis.clients.jedis.Connection.connect(Connection.java:158)
</error>
    <error message="Error occurs when interacting with redis" type="com.topcoder.web.common.cache.TCCacheException">com.topcoder.web.common.cache.TCCacheException: Error occurs when interacting with redis
	at com.topcoder.web.common.cache.RedisCacheClient.clearCache(RedisCacheClient.java:265)
	at com.topcoder.web.common.cache.redis.RedisCacheClientTest.tearDown(RedisCacheClientTest.java:48)
Caused by: redis.clients.jedis.exceptions.JedisConnectionException: Could not get a resource from the pool
	at redis.clients.util.Pool.getResource(Pool.java:53)
	at redis.clients.jedis.JedisPool.getResource(JedisPool.java:99)
	at com.topcoder.web.common.cache.RedisCacheClient.clearCache(RedisCacheClient.java:258)
Caused by: redis.clients.jedis.exceptions.JedisConnectionException: java.net.ConnectException: Connection refused
	at redis.clients.jedis.Connection.connect(Connection.java:164)
	at redis.clients.jedis.BinaryClient.connect(BinaryClient.java:80)
	at redis.clients.jedis.BinaryJedis.connect(BinaryJedis.java:1677)
	at redis.clients.jedis.JedisFactory.makeObject(JedisFactory.java:87)
	at org.apache.commons.pool2.impl.GenericObjectPool.create(GenericObjectPool.java:868)
	at org.apache.commons.pool2.impl.GenericObjectPool.borrowObject(GenericObjectPool.java:458)
	at org.apache.commons.pool2.impl.GenericObjectPool.borrowObject(GenericObjectPool.java:363)
	at redis.clients.util.Pool.getResource(Pool.java:49)
Caused by: java.net.ConnectException: Connection refused
	at java.net.PlainSocketImpl.socketConnect(Native Method)
	at java.net.AbstractPlainSocketImpl.doConnect(AbstractPlainSocketImpl.java:345)
	at java.net.AbstractPlainSocketImpl.connectToAddress(AbstractPlainSocketImpl.java:206)
	at java.net.AbstractPlainSocketImpl.connect(AbstractPlainSocketImpl.java:188)
	at java.net.SocksSocketImpl.connect(SocksSocketImpl.java:392)
	at java.net.Socket.connect(Socket.java:589)
	at redis.clients.jedis.Connection.connect(Connection.java:158)
</error>
  </testcase>
  <testcase classname="com.topcoder.web.common.cache.redis.RedisCacheClientTest" name="test_StringKey_StringValue" time="0.005">
    <error message="Error occurs when interacting with redis" type="com.topcoder.web.common.cache.TCCacheException">com.topcoder.web.common.cache.TCCacheException: Error occurs when interacting with redis
	at com.topcoder.web.common.cache.RedisCacheClient.set(RedisCacheClient.java:118)
	at com.topcoder.web.common.cache.RedisCacheClient.set(RedisCacheClient.java:97)
	at com.topcoder.web.common.cache.redis.RedisCacheClientTest.test_StringKey_StringValue(RedisCacheClientTest.java:63)
Caused by: redis.clients.jedis.exceptions.JedisConnectionException: Could not get a resource from the pool
	at redis.clients.util.Pool.getResource(Pool.java:53)
	at redis.clients.jedis.JedisPool.getResource(JedisPool.java:99)
	at com.topcoder.web.common.cache.RedisCacheClient.set(RedisCacheClient.java:112)
Caused by: redis.clients.jedis.exceptions.JedisConnectionException: java.net.ConnectException: Connection refused
	at redis.clients.jedis.Connection.connect(Connection.java:164)
	at redis.clients.jedis.BinaryClient.connect(BinaryClient.java:80)
	at redis.clients.jedis.BinaryJedis.connect(BinaryJedis.java:1677)
	at redis.clients.jedis.JedisFactory.makeObject(JedisFactory.java:87)
	at org.apache.commons.pool2.impl.GenericObjectPool.create(GenericObjectPool.java:868)
	at org.apache.commons.pool2.impl.GenericObjectPool.borrowObject(GenericObjectPool.java:458)
	at org.apache.commons.pool2.impl.GenericObjectPool.borrowObject(GenericObjectPool.java:363)
	at redis.clients.util.Pool.getResource(Pool.java:49)
Caused by: java.net.ConnectException: Connection refused
	at java.net.PlainSocketImpl.socketConnect(Native Method)
	at java.net.AbstractPlainSocketImpl.doConnect(AbstractPlainSocketImpl.java:345)
	at java.net.AbstractPlainSocketImpl.connectToAddress(AbstractPlainSocketImpl.java:206)
	at java.net.AbstractPlainSocketImpl.connect(AbstractPlainSocketImpl.java:188)
	at java.net.SocksSocketImpl.connect(SocksSocketImpl.java:392)
	at java.net.Socket.connect(Socket.java:589)
	at redis.clients.jedis.Connection.connect(Connection.java:158)
</error>
    <error message="Error occurs when interacting with redis" type="com.topcoder.web.common.cache.TCCacheException">com.topcoder.web.common.cache.TCCacheException: Error occurs when interacting with redis
	at com.topcoder.web.common.cache.RedisCacheClient.clearCache(RedisCacheClient.java:265)
	at com.topcoder.web.common.cache.redis.RedisCacheClientTest.tearDown(RedisCacheClientTest.java:48)
Caused by: redis.clients.jedis.exceptions.JedisConnectionException: Could not get a resource from the pool
	at redis.clients.util.Pool.getResource(Pool.java:53)
	at redis.clients.jedis.JedisPool.getResource(JedisPool.java:99)
	at com.topcoder.web.common.cache.RedisCacheClient.clearCache(RedisCacheClient.java:258)
Caused by: redis.clients.jedis.exceptions.JedisConnectionException: java.net.ConnectException: Connection refused
	at redis.clients.jedis.Connection.connect(Connection.java:164)
	at redis.clients.jedis.BinaryClient.connect(BinaryClient.java:80)
	at redis.clients.jedis.BinaryJedis.connect(BinaryJedis.java:1677)
	at redis.clients.jedis.JedisFactory.makeObject(JedisFactory.java:87)
	at org.apache.commons.pool2.impl.GenericObjectPool.create(GenericObjectPool.java:868)
	at org.apache.commons.pool2.impl.GenericObjectPool.borrowObject(GenericObjectPool.java:458)
	at org.apache.commons.pool2.impl.GenericObjectPool.borrowObject(GenericObjectPool.java:363)
	at redis.clients.util.Pool.getResource(Pool.java:49)
Caused by: java.net.ConnectException: Connection refused
	at java.net.PlainSocketImpl.socketConnect(Native Method)
	at java.net.AbstractPlainSocketImpl.doConnect(AbstractPlainSocketImpl.java:345)
	at java.net.AbstractPlainSocketImpl.connectToAddress(AbstractPlainSocketImpl.java:206)
	at java.net.AbstractPlainSocketImpl.connect(AbstractPlainSocketImpl.java:188)
	at java.net.SocksSocketImpl.connect(SocksSocketImpl.java:392)
	at java.net.Socket.connect(Socket.java:589)
	at redis.clients.jedis.Connection.connect(Connection.java:158)
</error>
  </testcase>
  <system-out><![CDATA[]]></system-out>
  <system-err><![CDATA[log4j:WARN No appenders could be found for logger (com.topcoder.shared.util.TCResourceBundle).
log4j:WARN Please initialize the log4j system properly.
log4j:WARN See http://logging.apache.org/log4j/1.2/faq.html#noconfig for more info.
]]></system-err>
</testsuite>
